1673059449.140319 client started (2049917): version 3.0a, socket /tmp/tmux-0/default, protocol 8
1673059449.140376 on Linux 5.4.0-135-generic #152-Ubuntu SMP Wed Nov 23 20:19:22 UTC 2022; libevent 2.1.11-stable (poll)
1673059449.140392 socket is /tmp/tmux-0/default
1673059449.140416 trying connect
1673059449.140539 add peer 0x5604715179f0: 6 ((nil))
1673059449.140647 sending message 100 to peer 0x5604715179f0 (4 bytes)
1673059449.140655 sending message 101 to peer 0x5604715179f0 (7 bytes)
1673059449.140658 sending message 102 to peer 0x5604715179f0 (11 bytes)
1673059449.140662 sending message 108 to peer 0x5604715179f0 (25 bytes)
1673059449.140666 sending message 104 to peer 0x5604715179f0 (0 bytes)
1673059449.140670 sending message 107 to peer 0x5604715179f0 (4 bytes)
1673059449.140673 sending message 105 to peer 0x5604715179f0 (16 bytes)
1673059449.140676 sending message 105 to peer 0x5604715179f0 (35 bytes)
1673059449.140680 sending message 105 to peer 0x5604715179f0 (29 bytes)
1673059449.140683 sending message 105 to peer 0x5604715179f0 (13 bytes)
1673059449.140686 sending message 105 to peer 0x5604715179f0 (21 bytes)
1673059449.140690 sending message 105 to peer 0x5604715179f0 (15 bytes)
1673059449.140732 sending message 105 to peer 0x5604715179f0 (11 bytes)
1673059449.140738 sending message 105 to peer 0x5604715179f0 (17 bytes)
1673059449.140742 sending message 105 to peer 0x5604715179f0 (1506 bytes)
1673059449.140755 sending message 105 to peer 0x5604715179f0 (54 bytes)
1673059449.140759 sending message 105 to peer 0x5604715179f0 (34 bytes)
1673059449.140763 sending message 105 to peer 0x5604715179f0 (23 bytes)
1673059449.140820 sending message 105 to peer 0x5604715179f0 (12 bytes)
1673059449.140829 sending message 105 to peer 0x5604715179f0 (32 bytes)
1673059449.140833 sending message 105 to peer 0x5604715179f0 (10 bytes)
1673059449.140836 sending message 105 to peer 0x5604715179f0 (13 bytes)
1673059449.140839 sending message 105 to peer 0x5604715179f0 (8 bytes)
1673059449.140843 sending message 105 to peer 0x5604715179f0 (19 bytes)
1673059449.140846 sending message 105 to peer 0x5604715179f0 (28 bytes)
1673059449.140849 sending message 105 to peer 0x5604715179f0 (34 bytes)
1673059449.140852 sending message 105 to peer 0x5604715179f0 (65 bytes)
1673059449.140856 sending message 105 to peer 0x5604715179f0 (104 bytes)
1673059449.140859 sending message 105 to peer 0x5604715179f0 (51 bytes)
1673059449.140862 sending message 105 to peer 0x5604715179f0 (19 bytes)
1673059449.140866 sending message 105 to peer 0x5604715179f0 (16 bytes)
1673059449.140869 sending message 105 to peer 0x5604715179f0 (13 bytes)
1673059449.140872 sending message 106 to peer 0x5604715179f0 (0 bytes)
1673059449.140887 sending message 200 to peer 0x5604715179f0 (4 bytes)
1673059449.140891 client loop enter
1673059449.141405 peer 0x5604715179f0 message 211
1673059449.141415 client_write: sessions should be nested with care, unset $TMUX to force\n
1673059449.141434 peer 0x5604715179f0 message 203
1673059449.141439 client loop exit
